<?xml version="1.0" encoding="UTF-8" ?>
<testsuite failures="0" time="0.02" errors="0" skipped="0" tests="7" name="org.blim.whist.test.GameTest">
  <properties>
    <property name="java.vendor" value="Apple Inc."/>
    <property name="localRepository" value="/Users/rob/.m2/repository"/>
    <property name="sun.java.launcher" value="SUN_STANDARD"/>
    <property name="javax.net.ssl.trustStorePassword" value="vuesqiis"/>
    <property name="sun.management.compiler" value="HotSpot 64-Bit Server Compiler"/>
    <property name="os.name" value="Mac OS X"/>
    <property name="sun.boot.class.path" value="/System/Library/Java/JavaVirtualMachines/1.6.0.jdk/Contents/Classes/jsfd.jar:/System/Library/Java/JavaVirtualMachines/1.6.0.jdk/Contents/Classes/classes.jar:/System/Library/Frameworks/JavaVM.framework/Frameworks/JavaRuntimeSupport.framework/Resources/Java/JavaRuntimeSupport.jar:/System/Library/Java/JavaVirtualMachines/1.6.0.jdk/Contents/Classes/ui.jar:/System/Library/Java/JavaVirtualMachines/1.6.0.jdk/Contents/Classes/laf.jar:/System/Library/Java/JavaVirtualMachines/1.6.0.jdk/Contents/Classes/sunrsasign.jar:/System/Library/Java/JavaVirtualMachines/1.6.0.jdk/Contents/Classes/jsse.jar:/System/Library/Java/JavaVirtualMachines/1.6.0.jdk/Contents/Classes/jce.jar:/System/Library/Java/JavaVirtualMachines/1.6.0.jdk/Contents/Classes/charsets.jar"/>
    <property name="env.TMPDIR" value="/var/folders/Ol/Olu+-WBuFfOzg2dtxIreX++++TI/-Tmp-/"/>
    <property name="java.vm.specification.vendor" value="Sun Microsystems Inc."/>
    <property name="java.runtime.version" value="1.6.0_24-b07-334-10M3326"/>
    <property name="env.Apple_PubSub_Socket_Render" value="/tmp/launch-DOroOp/Render"/>
    <property name="env.DISPLAY" value="/tmp/launch-GvxF8M/org.x:0"/>
    <property name="user.name" value="rob"/>
    <property name="env.USER" value="rob"/>
    <property name="env.SHELL" value="/bin/bash"/>
    <property name="env.__CF_USER_TEXT_ENCODING" value="0x1F5:0:2"/>
    <property name="awt.nativeDoubleBuffering" value="true"/>
    <property name="env.PATH" value="/usr/bin:/bin:/usr/sbin:/sbin"/>
    <property name="user.language" value="en"/>
    <property name="sun.boot.library.path" value="/System/Library/Java/JavaVirtualMachines/1.6.0.jdk/Contents/Libraries"/>
    <property name="classworlds.conf" value="/Users/rob/Documents/workspace/.metadata/.plugins/org.maven.ide.eclipse/launches/m2conf9123247009633775477.tmp"/>
    <property name="java.version" value="1.6.0_24"/>
    <property name="user.timezone" value=""/>
    <property name="sun.arch.data.model" value="64"/>
    <property name="http.nonProxyHosts" value="local|*.local|169.254/16|*.169.254/16"/>
    <property name="java.endorsed.dirs" value="/System/Library/Java/JavaVirtualMachines/1.6.0.jdk/Contents/Home/lib/endorsed"/>
    <property name="sun.cpu.isalist" value=""/>
    <property name="sun.jnu.encoding" value="MacRoman"/>
    <property name="file.encoding.pkg" value="sun.io"/>
    <property name="file.separator" value="/"/>
    <property name="java.specification.name" value="Java Platform API Specification"/>
    <property name="java.class.version" value="50.0"/>
    <property name="user.country" value="GB"/>
    <property name="java.home" value="/System/Library/Java/JavaVirtualMachines/1.6.0.jdk/Contents/Home"/>
    <property name="java.vm.info" value="mixed mode"/>
    <property name="env.LOGNAME" value="rob"/>
    <property name="os.version" value="10.6.7"/>
    <property name="env.JAVA_STARTED_ON_FIRST_THREAD_477" value="1"/>
    <property name="path.separator" value=":"/>
    <property name="java.vm.version" value="19.1-b02-334"/>
    <property name="java.awt.printerjob" value="apple.awt.CPrinterJob"/>
    <property name="sun.io.unicode.encoding" value="UnicodeLittle"/>
    <property name="awt.toolkit" value="apple.awt.CToolkit"/>
    <property name="socksNonProxyHosts" value="local|*.local|169.254/16|*.169.254/16"/>
    <property name="ftp.nonProxyHosts" value="local|*.local|169.254/16|*.169.254/16"/>
    <property name="user.home" value="/Users/rob"/>
    <property name="java.specification.vendor" value="Sun Microsystems Inc."/>
    <property name="java.library.path" value=".:/Library/Java/Extensions:/System/Library/Java/Extensions:/usr/lib/java"/>
    <property name="java.vendor.url" value="http://www.apple.com/"/>
    <property name="env.JAVA_MAIN_CLASS_869" value="org.codehaus.classworlds.Launcher"/>
    <property name="java.vm.vendor" value="Apple Inc."/>
    <property name="gopherProxySet" value="false"/>
    <property name="maven.home" value="EMBEDDED"/>
    <property name="java.runtime.name" value="Java(TM) SE Runtime Environment"/>
    <property name="java.class.path" value="/Applications/eclipse/plugins/org.maven.ide.components.maven_embedder_2.1.0.20080530-2300/jars/plexus-classworlds-1.2-alpha-12.jar"/>
    <property name="env.com.apple.java.jvmMode" value="client"/>
    <property name="java.vm.specification.name" value="Java Virtual Machine Specification"/>
    <property name="java.vm.specification.version" value="1.0"/>
    <property name="m2eclipse.workspace.state" value="/Users/rob/Documents/workspace/.metadata/.plugins/org.maven.ide.eclipse/workspacestate.properties"/>
    <property name="sun.cpu.endian" value="little"/>
    <property name="sun.os.patch.level" value="unknown"/>
    <property name="env.HOME" value="/Users/rob"/>
    <property name="surefire.test.class.path" value="/Users/rob/Documents/workspace/whist/target/test-classes:/Users/rob/Documents/workspace/whist/target/classes:/Users/rob/.m2/repository/javax/servlet/servlet-api/2.4/servlet-api-2.4.jar:/Users/rob/.m2/repository/javax/servlet/jsp/jsp-api/2.0/jsp-api-2.0.jar:/Users/rob/.m2/repository/taglibs/standard/1.1.2/standard-1.1.2.jar:/Users/rob/.m2/repository/org/jmock/jmock-junit3/2.5.1/jmock-junit3-2.5.1.jar:/Users/rob/.m2/repository/org/jmock/jmock/2.5.1/jmock-2.5.1.jar:/Users/rob/.m2/repository/org/hamcrest/hamcrest-core/1.1/hamcrest-core-1.1.jar:/Users/rob/.m2/repository/org/hamcrest/hamcrest-library/1.1/hamcrest-library-1.1.jar:/Users/rob/.m2/repository/junit/junit/3.8.2/junit-3.8.2.jar:/Users/rob/.m2/repository/com/google/collections/google-collections/0.8/google-collections-0.8.jar:/Users/rob/.m2/repository/commons-collections/commons-collections/3.2/commons-collections-3.2.jar:/Users/rob/.m2/repository/javax/persistence/persistence-api/1.0/persistence-api-1.0.jar:/Users/rob/.m2/repository/org/hibernate/hibernate-core/3.3.2.GA/hibernate-core-3.3.2.GA.jar:/Users/rob/.m2/repository/org/slf4j/slf4j-api/1.6.1/slf4j-api-1.6.1.jar:/Users/rob/.m2/repository/antlr/antlr/2.7.6/antlr-2.7.6.jar:/Users/rob/.m2/repository/dom4j/dom4j/1.6.1/dom4j-1.6.1.jar:/Users/rob/.m2/repository/xml-apis/xml-apis/1.0.b2/xml-apis-1.0.b2.jar:/Users/rob/.m2/repository/javax/transaction/jta/1.1/jta-1.1.jar:/Users/rob/.m2/repository/org/hibernate/hibernate-annotations/3.4.0.GA/hibernate-annotations-3.4.0.GA.jar:/Users/rob/.m2/repository/org/hibernate/ejb3-persistence/1.0.2.GA/ejb3-persistence-1.0.2.GA.jar:/Users/rob/.m2/repository/org/hibernate/hibernate-commons-annotations/3.1.0.GA/hibernate-commons-annotations-3.1.0.GA.jar:/Users/rob/.m2/repository/org/springframework/security/spring-security-core/3.0.4.RELEASE/spring-security-core-3.0.4.RELEASE.jar:/Users/rob/.m2/repository/org/springframework/spring-expression/3.0.3.RELEASE/spring-expression-3.0.3.RELEASE.jar:/Users/rob/.m2/repository/org/springframework/spring-core/3.0.5.RELEASE/spring-core-3.0.5.RELEASE.jar:/Users/rob/.m2/repository/org/springframework/spring-asm/3.0.5.RELEASE/spring-asm-3.0.5.RELEASE.jar:/Users/rob/.m2/repository/org/springframework/spring-context/3.0.3.RELEASE/spring-context-3.0.3.RELEASE.jar:/Users/rob/.m2/repository/org/springframework/spring-aop/3.0.5.RELEASE/spring-aop-3.0.5.RELEASE.jar:/Users/rob/.m2/repository/aopalliance/aopalliance/1.0/aopalliance-1.0.jar:/Users/rob/.m2/repository/org/springframework/spring-beans/3.0.5.RELEASE/spring-beans-3.0.5.RELEASE.jar:/Users/rob/.m2/repository/org/springframework/spring-tx/3.0.3.RELEASE/spring-tx-3.0.3.RELEASE.jar:/Users/rob/.m2/repository/org/aspectj/aspectjrt/1.6.8/aspectjrt-1.6.8.jar:/Users/rob/.m2/repository/org/aspectj/aspectjweaver/1.6.8/aspectjweaver-1.6.8.jar:/Users/rob/.m2/repository/org/springframework/security/spring-security-config/3.0.4.RELEASE/spring-security-config-3.0.4.RELEASE.jar:/Users/rob/.m2/repository/org/springframework/security/spring-security-taglibs/3.0.4.RELEASE/spring-security-taglibs-3.0.4.RELEASE.jar:/Users/rob/.m2/repository/org/springframework/security/spring-security-web/3.0.4.RELEASE/spring-security-web-3.0.4.RELEASE.jar:/Users/rob/.m2/repository/org/springframework/spring-web/3.0.3.RELEASE/spring-web-3.0.3.RELEASE.jar:/Users/rob/.m2/repository/org/springframework/security/spring-security-acl/3.0.4.RELEASE/spring-security-acl-3.0.4.RELEASE.jar:/Users/rob/.m2/repository/org/springframework/spring-context-support/3.0.5.RELEASE/spring-context-support-3.0.5.RELEASE.jar:/Users/rob/.m2/repository/org/springframework/spring-jdbc/3.0.5.RELEASE/spring-jdbc-3.0.5.RELEASE.jar:/Users/rob/.m2/repository/org/springframework/spring-orm/3.0.5.RELEASE/spring-orm-3.0.5.RELEASE.jar:/Users/rob/.m2/repository/org/springframework/spring-webmvc/3.0.5.RELEASE/spring-webmvc-3.0.5.RELEASE.jar:/Users/rob/.m2/repository/org/slf4j/slf4j-log4j12/1.6.1/slf4j-log4j12-1.6.1.jar:/Users/rob/.m2/repository/log4j/log4j/1.2.16/log4j-1.2.16.jar:/Users/rob/.m2/repository/org/slf4j/jcl-over-slf4j/1.6.1/jcl-over-slf4j-1.6.1.jar:/Users/rob/.m2/repository/javax/servlet/jstl/1.2/jstl-1.2.jar:/Users/rob/.m2/repository/commons-dbcp/commons-dbcp/1.4/commons-dbcp-1.4.jar:/Users/rob/.m2/repository/commons-pool/commons-pool/1.5.4/commons-pool-1.5.4.jar:/Users/rob/.m2/repository/com/googlecode/json-simple/json-simple/1.1/json-simple-1.1.jar:/Users/rob/.m2/repository/javassist/javassist/3.8.0.GA/javassist-3.8.0.GA.jar:/Users/rob/.m2/repository/javax/validation/validation-api/1.0.0.GA/validation-api-1.0.0.GA.jar:"/>
    <property name="java.io.tmpdir" value="/var/folders/Ol/Olu+-WBuFfOzg2dtxIreX++++TI/-Tmp-/"/>
    <property name="java.vendor.url.bug" value="http://bugreport.apple.com/"/>
    <property name="env.SSH_AUTH_SOCK" value="/tmp/launch-nmrMW5/Listeners"/>
    <property name="env.COMMAND_MODE" value="unix2003"/>
    <property name="mrj.build" value="10M3326"/>
    <property name="os.arch" value="x86_64"/>
    <property name="java.awt.graphicsenv" value="apple.awt.CGraphicsEnvironment"/>
    <property name="java.ext.dirs" value="/Library/Java/Extensions:/System/Library/Java/Extensions:/System/Library/Java/JavaVirtualMachines/1.6.0.jdk/Contents/Home/lib/ext"/>
    <property name="user.dir" value="/Users/rob/Documents/workspace/whist"/>
    <property name="mrj.version" value="1060.1.6.0_24-334"/>
    <property name="env.com.apple.java.jvmTask" value="JNI.java"/>
    <property name="line.separator" value="
"/>
    <property name="java.vm.name" value="Java HotSpot(TM) 64-Bit Server VM"/>
    <property name="basedir" value="/Users/rob/Documents/workspace/whist"/>
    <property name="maven.mode.standalone" value="true"/>
    <property name="env.APP_ICON_477" value="../Resources/Eclipse.icns"/>
    <property name="file.encoding" value="MacRoman"/>
    <property name="java.specification.version" value="1.6"/>
    <property name="javax.net.ssl.trustStore" value="/var/www/.keystore"/>
  </properties>
  <testcase time="0.011" classname="org.blim.whist.test.GameTest" name="testDealHandOfThirteenCards"/>
  <testcase time="0.001" classname="org.blim.whist.test.GameTest" name="testBid"/>
  <testcase time="0" classname="org.blim.whist.test.GameTest" name="testSelectTrumps"/>
  <testcase time="0.001" classname="org.blim.whist.test.GameTest" name="testPlayCard"/>
  <testcase time="0.001" classname="org.blim.whist.test.GameTest" name="testPlayerToPlay"/>
  <testcase time="0.001" classname="org.blim.whist.test.GameTest" name="testGameFinished"/>
  <testcase time="0.001" classname="org.blim.whist.test.GameTest" name="testGameScores"/>
</testsuite>